  Started GET "/contactos" for 127.0.0.1 at 2018-06-08 14:30:11 -0300
  [1m[35m (0.4ms)[0m  [1m[34mSELECT "schema_migrations"."version" FROM "schema_migrations" ORDER BY "schema_migrations"."version" ASC[0m
  ↳ vendor/bundle/ruby/2.3.0/gems/activerecord-5.2.0/lib/active_record/log_subscriber.rb:98
Processing by ContactosController#index as HTML
  Rendering contactos/index.html.erb within layouts/application
  [1m[36mUser Load (0.7ms)[0m  [1m[34mSELECT  "users".* FROM "users" WHERE "users"."id" = $1 ORDER BY "users"."id" ASC LIMIT $2[0m  [["id", 1], ["LIMIT", 1]]
  ↳ app/views/contactos/index.html.erb:1
  [1m[36mContacto Load (0.4ms)[0m  [1m[34mSELECT "contactos".* FROM "contactos"[0m
  ↳ app/views/contactos/index.html.erb:33
  Rendered contactos/index.html.erb within layouts/application (23.2ms)
  Rendered layouts/_header.html.erb (0.7ms)
Completed 200 OK in 2011ms (Views: 1998.6ms | ActiveRecord: 5.2ms)


Started GET "/js/masonry.pkgd.js" for 127.0.0.1 at 2018-06-08 14:30:13 -0300
  
ActionController::RoutingError (No route matches [GET] "/js/masonry.pkgd.js"):
  
vendor/bundle/ruby/2.3.0/gems/actionpack-5.2.0/lib/action_dispatch/middleware/debug_exceptions.rb:65:in `call'
vendor/bundle/ruby/2.3.0/gems/web-console-3.6.2/lib/web_console/middleware.rb:135:in `call_app'
vendor/bundle/ruby/2.3.0/gems/web-console-3.6.2/lib/web_console/middleware.rb:30:in `block in call'
vendor/bundle/ruby/2.3.0/gems/web-console-3.6.2/lib/web_console/middleware.rb:20:in `catch'
vendor/bundle/ruby/2.3.0/gems/web-console-3.6.2/lib/web_console/middleware.rb:20:in `call'
vendor/bundle/ruby/2.3.0/gems/actionpack-5.2.0/lib/action_dispatch/middleware/show_exceptions.rb:33:in `call'
vendor/bundle/ruby/2.3.0/gems/railties-5.2.0/lib/rails/rack/logger.rb:38:in `call_app'
vendor/bundle/ruby/2.3.0/gems/railties-5.2.0/lib/rails/rack/logger.rb:26:in `block in call'
vendor/bundle/ruby/2.3.0/gems/activesupport-5.2.0/lib/active_support/tagged_logging.rb:71:in `block in tagged'
vendor/bundle/ruby/2.3.0/gems/activesupport-5.2.0/lib/active_support/tagged_logging.rb:28:in `tagged'
vendor/bundle/ruby/2.3.0/gems/activesupport-5.2.0/lib/active_support/tagged_logging.rb:71:in `tagged'
vendor/bundle/ruby/2.3.0/gems/railties-5.2.0/lib/rails/rack/logger.rb:26:in `call'
vendor/bundle/ruby/2.3.0/gems/sprockets-rails-3.2.1/lib/sprockets/rails/quiet_assets.rb:13:in `call'
vendor/bundle/ruby/2.3.0/gems/actionpack-5.2.0/lib/action_dispatch/middleware/remote_ip.rb:81:in `call'
vendor/bundle/ruby/2.3.0/gems/actionpack-5.2.0/lib/action_dispatch/middleware/request_id.rb:27:in `call'
vendor/bundle/ruby/2.3.0/gems/rack-2.0.5/lib/rack/method_override.rb:22:in `call'
vendor/bundle/ruby/2.3.0/gems/rack-2.0.5/lib/rack/runtime.rb:22:in `call'
vendor/bundle/ruby/2.3.0/gems/activesupport-5.2.0/lib/active_support/cache/strategy/local_cache_middleware.rb:29:in `call'
vendor/bundle/ruby/2.3.0/gems/actionpack-5.2.0/lib/action_dispatch/middleware/executor.rb:14:in `call'
vendor/bundle/ruby/2.3.0/gems/actionpack-5.2.0/lib/action_dispatch/middleware/static.rb:127:in `call'
vendor/bundle/ruby/2.3.0/gems/rack-2.0.5/lib/rack/sendfile.rb:111:in `call'
vendor/bundle/ruby/2.3.0/gems/railties-5.2.0/lib/rails/engine.rb:524:in `call'
vendor/bundle/ruby/2.3.0/gems/puma-3.11.4/lib/puma/configuration.rb:225:in `call'
vendor/bundle/ruby/2.3.0/gems/puma-3.11.4/lib/puma/server.rb:632:in `handle_request'
vendor/bundle/ruby/2.3.0/gems/puma-3.11.4/lib/puma/server.rb:446:in `process_client'
vendor/bundle/ruby/2.3.0/gems/puma-3.11.4/lib/puma/server.rb:306:in `block in run'
vendor/bundle/ruby/2.3.0/gems/puma-3.11.4/lib/puma/thread_pool.rb:120:in `block in spawn_thread'
Started GET "/contactos" for 127.0.0.1 at 2018-06-08 14:31:21 -0300
Processing by ContactosController#index as HTML
  Rendering contactos/index.html.erb within layouts/application
  [1m[36mUser Load (2.1ms)[0m  [1m[34mSELECT  "users".* FROM "users" WHERE "users"."id" = $1 ORDER BY "users"."id" ASC LIMIT $2[0m  [["id", 1], ["LIMIT", 1]]
  ↳ app/views/contactos/index.html.erb:1
  [1m[36mContacto Load (1.1ms)[0m  [1m[34mSELECT "contactos".* FROM "contactos"[0m
  ↳ app/views/contactos/index.html.erb:33
  Rendered contactos/index.html.erb within layouts/application (11.2ms)
  Rendered layouts/_header.html.erb (0.6ms)
Completed 200 OK in 73ms (Views: 67.5ms | ActiveRecord: 3.2ms)


Started GET "/js/masonry.pkgd.js" for 127.0.0.1 at 2018-06-08 14:31:21 -0300
  
ActionController::RoutingError (No route matches [GET] "/js/masonry.pkgd.js"):
  
vendor/bundle/ruby/2.3.0/gems/actionpack-5.2.0/lib/action_dispatch/middleware/debug_exceptions.rb:65:in `call'
vendor/bundle/ruby/2.3.0/gems/web-console-3.6.2/lib/web_console/middleware.rb:135:in `call_app'
vendor/bundle/ruby/2.3.0/gems/web-console-3.6.2/lib/web_console/middleware.rb:30:in `block in call'
vendor/bundle/ruby/2.3.0/gems/web-console-3.6.2/lib/web_console/middleware.rb:20:in `catch'
vendor/bundle/ruby/2.3.0/gems/web-console-3.6.2/lib/web_console/middleware.rb:20:in `call'
vendor/bundle/ruby/2.3.0/gems/actionpack-5.2.0/lib/action_dispatch/middleware/show_exceptions.rb:33:in `call'
vendor/bundle/ruby/2.3.0/gems/railties-5.2.0/lib/rails/rack/logger.rb:38:in `call_app'
vendor/bundle/ruby/2.3.0/gems/railties-5.2.0/lib/rails/rack/logger.rb:26:in `block in call'
vendor/bundle/ruby/2.3.0/gems/activesupport-5.2.0/lib/active_support/tagged_logging.rb:71:in `block in tagged'
vendor/bundle/ruby/2.3.0/gems/activesupport-5.2.0/lib/active_support/tagged_logging.rb:28:in `tagged'
vendor/bundle/ruby/2.3.0/gems/activesupport-5.2.0/lib/active_support/tagged_logging.rb:71:in `tagged'
vendor/bundle/ruby/2.3.0/gems/railties-5.2.0/lib/rails/rack/logger.rb:26:in `call'
vendor/bundle/ruby/2.3.0/gems/sprockets-rails-3.2.1/lib/sprockets/rails/quiet_assets.rb:13:in `call'
vendor/bundle/ruby/2.3.0/gems/actionpack-5.2.0/lib/action_dispatch/middleware/remote_ip.rb:81:in `call'
vendor/bundle/ruby/2.3.0/gems/actionpack-5.2.0/lib/action_dispatch/middleware/request_id.rb:27:in `call'
vendor/bundle/ruby/2.3.0/gems/rack-2.0.5/lib/rack/method_override.rb:22:in `call'
vendor/bundle/ruby/2.3.0/gems/rack-2.0.5/lib/rack/runtime.rb:22:in `call'
vendor/bundle/ruby/2.3.0/gems/activesupport-5.2.0/lib/active_support/cache/strategy/local_cache_middleware.rb:29:in `call'
vendor/bundle/ruby/2.3.0/gems/actionpack-5.2.0/lib/action_dispatch/middleware/executor.rb:14:in `call'
vendor/bundle/ruby/2.3.0/gems/actionpack-5.2.0/lib/action_dispatch/middleware/static.rb:127:in `call'
vendor/bundle/ruby/2.3.0/gems/rack-2.0.5/lib/rack/sendfile.rb:111:in `call'
vendor/bundle/ruby/2.3.0/gems/railties-5.2.0/lib/rails/engine.rb:524:in `call'
vendor/bundle/ruby/2.3.0/gems/puma-3.11.4/lib/puma/configuration.rb:225:in `call'
vendor/bundle/ruby/2.3.0/gems/puma-3.11.4/lib/puma/server.rb:632:in `handle_request'
vendor/bundle/ruby/2.3.0/gems/puma-3.11.4/lib/puma/server.rb:446:in `process_client'
vendor/bundle/ruby/2.3.0/gems/puma-3.11.4/lib/puma/server.rb:306:in `block in run'
vendor/bundle/ruby/2.3.0/gems/puma-3.11.4/lib/puma/thread_pool.rb:120:in `block in spawn_thread'
Started GET "/contactos" for 127.0.0.1 at 2018-06-08 14:31:22 -0300
Processing by ContactosController#index as HTML
  Rendering contactos/index.html.erb within layouts/application
  [1m[36mUser Load (0.9ms)[0m  [1m[34mSELECT  "users".* FROM "users" WHERE "users"."id" = $1 ORDER BY "users"."id" ASC LIMIT $2[0m  [["id", 1], ["LIMIT", 1]]
  ↳ app/views/contactos/index.html.erb:1
  [1m[36mContacto Load (0.6ms)[0m  [1m[34mSELECT "contactos".* FROM "contactos"[0m
  ↳ app/views/contactos/index.html.erb:33
  Rendered contactos/index.html.erb within layouts/application (7.4ms)
  Rendered layouts/_header.html.erb (0.7ms)
Completed 200 OK in 62ms (Views: 57.3ms | ActiveRecord: 1.5ms)


Started GET "/contactos" for 127.0.0.1 at 2018-06-08 14:31:23 -0300
Processing by ContactosController#index as HTML
  Rendering contactos/index.html.erb within layouts/application
  [1m[36mUser Load (0.5ms)[0m  [1m[34mSELECT  "users".* FROM "users" WHERE "users"."id" = $1 ORDER BY "users"."id" ASC LIMIT $2[0m  [["id", 1], ["LIMIT", 1]]
  ↳ app/views/contactos/index.html.erb:1
  [1m[36mContacto Load (0.4ms)[0m  [1m[34mSELECT "contactos".* FROM "contactos"[0m
  ↳ app/views/contactos/index.html.erb:33
  Rendered contactos/index.html.erb within layouts/application (4.3ms)
  Rendered layouts/_header.html.erb (0.5ms)
Completed 200 OK in 44ms (Views: 41.9ms | ActiveRecord: 0.9ms)


Started GET "/novedads" for 127.0.0.1 at 2018-06-08 14:31:24 -0300
Processing by NovedadsController#index as HTML
  [1m[36mNovedad Load (0.4ms)[0m  [1m[34mSELECT "novedads".* FROM "novedads"[0m
  ↳ app/controllers/novedads_controller.rb:7
  Rendering novedads/index.html.erb within layouts/application
  [1m[36mUser Load (0.4ms)[0m  [1m[34mSELECT  "users".* FROM "users" WHERE "users"."id" = $1 ORDER BY "users"."id" ASC LIMIT $2[0m  [["id", 1], ["LIMIT", 1]]
  ↳ app/views/novedads/index.html.erb:33
  Rendered novedads/index.html.erb within layouts/application (3.6ms)
  Rendered layouts/_header.html.erb (0.6ms)
Completed 200 OK in 65ms (Views: 47.9ms | ActiveRecord: 4.7ms)


Started GET "/contactos" for 127.0.0.1 at 2018-06-08 14:31:25 -0300
Processing by ContactosController#index as HTML
  Rendering contactos/index.html.erb within layouts/application
  [1m[36mUser Load (0.5ms)[0m  [1m[34mSELECT  "users".* FROM "users" WHERE "users"."id" = $1 ORDER BY "users"."id" ASC LIMIT $2[0m  [["id", 1], ["LIMIT", 1]]
  ↳ app/views/contactos/index.html.erb:1
  [1m[36mContacto Load (0.4ms)[0m  [1m[34mSELECT "contactos".* FROM "contactos"[0m
  ↳ app/views/contactos/index.html.erb:33
  Rendered contactos/index.html.erb within layouts/application (4.3ms)
  Rendered layouts/_header.html.erb (1.4ms)
Completed 200 OK in 53ms (Views: 51.0ms | ActiveRecord: 0.9ms)


Started GET "/articulos" for 127.0.0.1 at 2018-06-08 14:31:25 -0300
Processing by ArticulosController#index as HTML
  [1m[36mArticulo Load (1.5ms)[0m  [1m[34mSELECT "articulos".* FROM "articulos"[0m
  ↳ app/controllers/articulos_controller.rb:7
  Rendering articulos/index.html.erb within layouts/application
  [1m[36mUser Load (0.4ms)[0m  [1m[34mSELECT  "users".* FROM "users" WHERE "users"."id" = $1 ORDER BY "users"."id" ASC LIMIT $2[0m  [["id", 1], ["LIMIT", 1]]
  ↳ app/views/articulos/index.html.erb:32
  Rendered articulos/index.html.erb within layouts/application (3.4ms)
  Rendered layouts/_header.html.erb (0.7ms)
Completed 200 OK in 73ms (Views: 41.2ms | ActiveRecord: 8.2ms)


Started GET "/" for 127.0.0.1 at 2018-06-08 14:31:25 -0300
Processing by AlertaController#index as HTML
  [1m[36mAlertum Load (0.9ms)[0m  [1m[34mSELECT "alerta".* FROM "alerta" ORDER BY "alerta"."id" ASC[0m
  ↳ app/controllers/alerta_controller.rb:7
  Rendering alerta/index.html.erb within layouts/application
  [1m[36mUser Load (0.4ms)[0m  [1m[34mSELECT  "users".* FROM "users" WHERE "users"."id" = $1 ORDER BY "users"."id" ASC LIMIT $2[0m  [["id", 1], ["LIMIT", 1]]
  ↳ app/views/alerta/index.html.erb:37
  Rendered alerta/index.html.erb within layouts/application (3.2ms)
  Rendered layouts/_header.html.erb (0.6ms)
Completed 200 OK in 73ms (Views: 48.9ms | ActiveRecord: 5.5ms)


Started DELETE "/users/sign_out" for 127.0.0.1 at 2018-06-08 14:31:26 -0300
Processing by Devise::SessionsController#destroy as HTML
  Parameters: {"authenticity_token"=>"5DquyNkmbgu46x7UV95KsECqZyRylgQrOQi9S0YnsWb1n0ZyIxNz+w+jW0mW3iFVvjIRv9VsnGIuh2lQs63zRw=="}
  [1m[36mUser Load (0.6ms)[0m  [1m[34mSELECT  "users".* FROM "users" WHERE "users"."id" = $1 ORDER BY "users"."id" ASC LIMIT $2[0m  [["id", 1], ["LIMIT", 1]]
  ↳ vendor/bundle/ruby/2.3.0/gems/activerecord-5.2.0/lib/active_record/log_subscriber.rb:98
  [1m[35m (0.2ms)[0m  [1m[35mBEGIN[0m
  ↳ vendor/bundle/ruby/2.3.0/gems/activerecord-5.2.0/lib/active_record/log_subscriber.rb:98
  [1m[35m (0.2ms)[0m  [1m[35mCOMMIT[0m
  ↳ vendor/bundle/ruby/2.3.0/gems/activerecord-5.2.0/lib/active_record/log_subscriber.rb:98
Redirected to http://localhost:3000/
Completed 302 Found in 10ms (ActiveRecord: 1.0ms)


Started GET "/" for 127.0.0.1 at 2018-06-08 14:31:26 -0300
Processing by AlertaController#index as HTML
  [1m[36mAlertum Load (0.3ms)[0m  [1m[34mSELECT "alerta".* FROM "alerta" ORDER BY "alerta"."id" ASC[0m
  ↳ app/controllers/alerta_controller.rb:7
  Rendering alerta/index.html.erb within layouts/application
  Rendered alerta/index.html.erb within layouts/application (3.8ms)
  Rendered layouts/_header.html.erb (0.6ms)
Completed 200 OK in 40ms (Views: 37.6ms | ActiveRecord: 0.3ms)


Started GET "/js/masonry.pkgd.js" for 127.0.0.1 at 2018-06-08 14:31:26 -0300
  
ActionController::RoutingError (No route matches [GET] "/js/masonry.pkgd.js"):
  
vendor/bundle/ruby/2.3.0/gems/actionpack-5.2.0/lib/action_dispatch/middleware/debug_exceptions.rb:65:in `call'
vendor/bundle/ruby/2.3.0/gems/web-console-3.6.2/lib/web_console/middleware.rb:135:in `call_app'
vendor/bundle/ruby/2.3.0/gems/web-console-3.6.2/lib/web_console/middleware.rb:30:in `block in call'
vendor/bundle/ruby/2.3.0/gems/web-console-3.6.2/lib/web_console/middleware.rb:20:in `catch'
vendor/bundle/ruby/2.3.0/gems/web-console-3.6.2/lib/web_console/middleware.rb:20:in `call'
vendor/bundle/ruby/2.3.0/gems/actionpack-5.2.0/lib/action_dispatch/middleware/show_exceptions.rb:33:in `call'
vendor/bundle/ruby/2.3.0/gems/railties-5.2.0/lib/rails/rack/logger.rb:38:in `call_app'
vendor/bundle/ruby/2.3.0/gems/railties-5.2.0/lib/rails/rack/logger.rb:26:in `block in call'
vendor/bundle/ruby/2.3.0/gems/activesupport-5.2.0/lib/active_support/tagged_logging.rb:71:in `block in tagged'
vendor/bundle/ruby/2.3.0/gems/activesupport-5.2.0/lib/active_support/tagged_logging.rb:28:in `tagged'
vendor/bundle/ruby/2.3.0/gems/activesupport-5.2.0/lib/active_support/tagged_logging.rb:71:in `tagged'
vendor/bundle/ruby/2.3.0/gems/railties-5.2.0/lib/rails/rack/logger.rb:26:in `call'
vendor/bundle/ruby/2.3.0/gems/sprockets-rails-3.2.1/lib/sprockets/rails/quiet_assets.rb:13:in `call'
vendor/bundle/ruby/2.3.0/gems/actionpack-5.2.0/lib/action_dispatch/middleware/remote_ip.rb:81:in `call'
vendor/bundle/ruby/2.3.0/gems/actionpack-5.2.0/lib/action_dispatch/middleware/request_id.rb:27:in `call'
vendor/bundle/ruby/2.3.0/gems/rack-2.0.5/lib/rack/method_override.rb:22:in `call'
vendor/bundle/ruby/2.3.0/gems/rack-2.0.5/lib/rack/runtime.rb:22:in `call'
vendor/bundle/ruby/2.3.0/gems/activesupport-5.2.0/lib/active_support/cache/strategy/local_cache_middleware.rb:29:in `call'
vendor/bundle/ruby/2.3.0/gems/actionpack-5.2.0/lib/action_dispatch/middleware/executor.rb:14:in `call'
vendor/bundle/ruby/2.3.0/gems/actionpack-5.2.0/lib/action_dispatch/middleware/static.rb:127:in `call'
vendor/bundle/ruby/2.3.0/gems/rack-2.0.5/lib/rack/sendfile.rb:111:in `call'
vendor/bundle/ruby/2.3.0/gems/railties-5.2.0/lib/rails/engine.rb:524:in `call'
vendor/bundle/ruby/2.3.0/gems/puma-3.11.4/lib/puma/configuration.rb:225:in `call'
vendor/bundle/ruby/2.3.0/gems/puma-3.11.4/lib/puma/server.rb:632:in `handle_request'
vendor/bundle/ruby/2.3.0/gems/puma-3.11.4/lib/puma/server.rb:446:in `process_client'
vendor/bundle/ruby/2.3.0/gems/puma-3.11.4/lib/puma/server.rb:306:in `block in run'
vendor/bundle/ruby/2.3.0/gems/puma-3.11.4/lib/puma/thread_pool.rb:120:in `block in spawn_thread'
Started GET "/contactos/new" for 127.0.0.1 at 2018-06-08 14:31:27 -0300
Processing by ContactosController#new as HTML
  Rendering contactos/new.html.erb within layouts/application
  Rendered contactos/_form.html.erb (12.1ms)
  Rendered contactos/new.html.erb within layouts/application (16.1ms)
  Rendered layouts/_header.html.erb (0.7ms)
Completed 200 OK in 66ms (Views: 62.3ms | ActiveRecord: 0.0ms)


Started GET "/contactos/new" for 127.0.0.1 at 2018-06-08 14:31:29 -0300
Processing by ContactosController#new as HTML
  Rendering contactos/new.html.erb within layouts/application
  Rendered contactos/_form.html.erb (4.0ms)
  Rendered contactos/new.html.erb within layouts/application (5.3ms)
  Rendered layouts/_header.html.erb (0.7ms)
Completed 200 OK in 49ms (Views: 47.6ms | ActiveRecord: 0.0ms)


Started GET "/contactos/new" for 127.0.0.1 at 2018-06-08 14:31:29 -0300
Processing by ContactosController#new as HTML
  Rendering contactos/new.html.erb within layouts/application
  Rendered contactos/_form.html.erb (8.0ms)
  Rendered contactos/new.html.erb within layouts/application (12.2ms)
  Rendered layouts/_header.html.erb (0.7ms)
Completed 200 OK in 70ms (Views: 65.9ms | ActiveRecord: 0.0ms)


Started POST "/contactos" for 127.0.0.1 at 2018-06-08 14:31:30 -0300
Processing by ContactosController#create as HTML
  Parameters: {"utf8"=>"✓", "authenticity_token"=>"q1f1iKHzZezsE0TiuIS9k9ujW9uzwzPxv8YyKmVGKHSnHrAbQyBad/1x2q3yPHRiKdf9Cc1HrLlyt4+NXRaHOQ==", "contacto"=>{"asunto"=>"", "email"=>"", "mensaje"=>""}, "commit"=>"Enviar mensaje"}
  [1m[35m (0.4ms)[0m  [1m[35mBEGIN[0m
  ↳ app/controllers/contactos_controller.rb:30
  [1m[35m (0.3ms)[0m  [1m[31mROLLBACK[0m
  ↳ app/controllers/contactos_controller.rb:30
  Rendering contactos/new.html.erb within layouts/application
  Rendered contactos/_form.html.erb (3.5ms)
  Rendered contactos/new.html.erb within layouts/application (5.2ms)
  Rendered layouts/_header.html.erb (0.6ms)
Completed 200 OK in 47ms (Views: 39.2ms | ActiveRecord: 0.7ms)


Started GET "/js/masonry.pkgd.js" for 127.0.0.1 at 2018-06-08 14:31:30 -0300
  
ActionController::RoutingError (No route matches [GET] "/js/masonry.pkgd.js"):
  
vendor/bundle/ruby/2.3.0/gems/actionpack-5.2.0/lib/action_dispatch/middleware/debug_exceptions.rb:65:in `call'
vendor/bundle/ruby/2.3.0/gems/web-console-3.6.2/lib/web_console/middleware.rb:135:in `call_app'
vendor/bundle/ruby/2.3.0/gems/web-console-3.6.2/lib/web_console/middleware.rb:30:in `block in call'
vendor/bundle/ruby/2.3.0/gems/web-console-3.6.2/lib/web_console/middleware.rb:20:in `catch'
vendor/bundle/ruby/2.3.0/gems/web-console-3.6.2/lib/web_console/middleware.rb:20:in `call'
vendor/bundle/ruby/2.3.0/gems/actionpack-5.2.0/lib/action_dispatch/middleware/show_exceptions.rb:33:in `call'
vendor/bundle/ruby/2.3.0/gems/railties-5.2.0/lib/rails/rack/logger.rb:38:in `call_app'
vendor/bundle/ruby/2.3.0/gems/railties-5.2.0/lib/rails/rack/logger.rb:26:in `block in call'
vendor/bundle/ruby/2.3.0/gems/activesupport-5.2.0/lib/active_support/tagged_logging.rb:71:in `block in tagged'
vendor/bundle/ruby/2.3.0/gems/activesupport-5.2.0/lib/active_support/tagged_logging.rb:28:in `tagged'
vendor/bundle/ruby/2.3.0/gems/activesupport-5.2.0/lib/active_support/tagged_logging.rb:71:in `tagged'
vendor/bundle/ruby/2.3.0/gems/railties-5.2.0/lib/rails/rack/logger.rb:26:in `call'
vendor/bundle/ruby/2.3.0/gems/sprockets-rails-3.2.1/lib/sprockets/rails/quiet_assets.rb:13:in `call'
vendor/bundle/ruby/2.3.0/gems/actionpack-5.2.0/lib/action_dispatch/middleware/remote_ip.rb:81:in `call'
vendor/bundle/ruby/2.3.0/gems/actionpack-5.2.0/lib/action_dispatch/middleware/request_id.rb:27:in `call'
vendor/bundle/ruby/2.3.0/gems/rack-2.0.5/lib/rack/method_override.rb:22:in `call'
vendor/bundle/ruby/2.3.0/gems/rack-2.0.5/lib/rack/runtime.rb:22:in `call'
vendor/bundle/ruby/2.3.0/gems/activesupport-5.2.0/lib/active_support/cache/strategy/local_cache_middleware.rb:29:in `call'
vendor/bundle/ruby/2.3.0/gems/actionpack-5.2.0/lib/action_dispatch/middleware/executor.rb:14:in `call'
vendor/bundle/ruby/2.3.0/gems/actionpack-5.2.0/lib/action_dispatch/middleware/static.rb:127:in `call'
vendor/bundle/ruby/2.3.0/gems/rack-2.0.5/lib/rack/sendfile.rb:111:in `call'
vendor/bundle/ruby/2.3.0/gems/railties-5.2.0/lib/rails/engine.rb:524:in `call'
vendor/bundle/ruby/2.3.0/gems/puma-3.11.4/lib/puma/configuration.rb:225:in `call'
vendor/bundle/ruby/2.3.0/gems/puma-3.11.4/lib/puma/server.rb:632:in `handle_request'
vendor/bundle/ruby/2.3.0/gems/puma-3.11.4/lib/puma/server.rb:446:in `process_client'
vendor/bundle/ruby/2.3.0/gems/puma-3.11.4/lib/puma/server.rb:306:in `block in run'
vendor/bundle/ruby/2.3.0/gems/puma-3.11.4/lib/puma/thread_pool.rb:120:in `block in spawn_thread'
Started GET "/articulos" for 127.0.0.1 at 2018-06-08 14:31:32 -0300
Processing by ArticulosController#index as HTML
  [1m[36mArticulo Load (1.1ms)[0m  [1m[34mSELECT "articulos".* FROM "articulos"[0m
  ↳ app/controllers/articulos_controller.rb:7
  Rendering articulos/index.html.erb within layouts/application
  Rendered articulos/index.html.erb within layouts/application (6.7ms)
  Rendered layouts/_header.html.erb (0.5ms)
Completed 200 OK in 70ms (Views: 63.1ms | ActiveRecord: 1.1ms)


Started GET "/novedads" for 127.0.0.1 at 2018-06-08 14:31:32 -0300
Processing by NovedadsController#index as HTML
  [1m[36mNovedad Load (0.4ms)[0m  [1m[34mSELECT "novedads".* FROM "novedads"[0m
  ↳ app/controllers/novedads_controller.rb:7
  Rendering novedads/index.html.erb within layouts/application
  Rendered novedads/index.html.erb within layouts/application (1.8ms)
  Rendered layouts/_header.html.erb (0.6ms)
Completed 200 OK in 41ms (Views: 38.7ms | ActiveRecord: 0.4ms)


Started GET "/" for 127.0.0.1 at 2018-06-08 14:31:33 -0300
Processing by AlertaController#index as HTML
  [1m[36mAlertum Load (0.6ms)[0m  [1m[34mSELECT "alerta".* FROM "alerta" ORDER BY "alerta"."id" ASC[0m
  ↳ app/controllers/alerta_controller.rb:7
  Rendering alerta/index.html.erb within layouts/application
  Rendered alerta/index.html.erb within layouts/application (1.7ms)
  Rendered layouts/_header.html.erb (0.6ms)
Completed 200 OK in 38ms (Views: 35.1ms | ActiveRecord: 0.6ms)


Started GET "/contactos/new" for 127.0.0.1 at 2018-06-08 14:33:14 -0300
Processing by ContactosController#new as HTML
  Rendering contactos/new.html.erb within layouts/application
  Rendered contactos/_form.html.erb (6.6ms)
  Rendered contactos/new.html.erb within layouts/application (10.7ms)
  Rendered layouts/_header.html.erb (0.6ms)
Completed 200 OK in 66ms (Views: 62.1ms | ActiveRecord: 0.0ms)


Started GET "/" for 127.0.0.1 at 2018-06-08 14:33:16 -0300
Processing by AlertaController#index as HTML
  [1m[36mAlertum Load (1.1ms)[0m  [1m[34mSELECT "alerta".* FROM "alerta" ORDER BY "alerta"."id" ASC[0m
  ↳ app/controllers/alerta_controller.rb:7
  Rendering alerta/index.html.erb within layouts/application
  Rendered alerta/index.html.erb within layouts/application (4.7ms)
  Rendered layouts/_header.html.erb (0.6ms)
Completed 200 OK in 69ms (Views: 61.8ms | ActiveRecord: 1.1ms)


Started GET "/articulos" for 127.0.0.1 at 2018-06-08 14:33:16 -0300
Processing by ArticulosController#index as HTML
  [1m[36mArticulo Load (0.4ms)[0m  [1m[34mSELECT "articulos".* FROM "articulos"[0m
  ↳ app/controllers/articulos_controller.rb:7
  Rendering articulos/index.html.erb within layouts/application
  Rendered articulos/index.html.erb within layouts/application (2.2ms)
  Rendered layouts/_header.html.erb (0.6ms)
Completed 200 OK in 42ms (Views: 39.1ms | ActiveRecord: 0.4ms)


Started GET "/novedads" for 127.0.0.1 at 2018-06-08 14:33:17 -0300
Processing by NovedadsController#index as HTML
  [1m[36mNovedad Load (0.9ms)[0m  [1m[34mSELECT "novedads".* FROM "novedads"[0m
  ↳ app/controllers/novedads_controller.rb:7
  Rendering novedads/index.html.erb within layouts/application
  Rendered novedads/index.html.erb within layouts/application (4.5ms)
  Rendered layouts/_header.html.erb (0.6ms)
Completed 200 OK in 58ms (Views: 51.2ms | ActiveRecord: 0.9ms)


Started GET "/" for 127.0.0.1 at 2018-06-08 14:33:18 -0300
Processing by AlertaController#index as HTML
  [1m[36mAlertum Load (0.4ms)[0m  [1m[34mSELECT "alerta".* FROM "alerta" ORDER BY "alerta"."id" ASC[0m
  ↳ app/controllers/alerta_controller.rb:7
  Rendering alerta/index.html.erb within layouts/application
  Rendered alerta/index.html.erb within layouts/application (1.7ms)
  Rendered layouts/_header.html.erb (0.6ms)
Completed 200 OK in 37ms (Views: 33.8ms | ActiveRecord: 0.4ms)


